<?xml version="1.0" encoding="utf-8"?><testsuites name="pytest tests"><testsuite name="pytest" errors="0" failures="0" skipped="0" tests="33" time="56.834" timestamp="2026-02-19T23:37:23.912617+00:00" hostname="agent-env-4f6b9412-3455-4a33-9fac-07f8e95bff0e"><testcase classname="tests.test_api.TestDashboard" name="test_dashboard_returns_200" time="0.263" /><testcase classname="tests.test_api.TestDashboard" name="test_dashboard_has_portfolio_data" time="0.182" /><testcase classname="tests.test_api.TestDashboard" name="test_dashboard_has_signals" time="0.172" /><testcase classname="tests.test_api.TestDashboard" name="test_dashboard_has_market_indices" time="0.237" /><testcase classname="tests.test_api.TestDashboard" name="test_dashboard_has_agent_stats" time="0.105" /><testcase classname="tests.test_api.TestMarketData" name="test_market_data_returns_200" time="0.280" /><testcase classname="tests.test_api.TestMarketData" name="test_market_data_has_12_stocks" time="0.129" /><testcase classname="tests.test_api.TestMarketData" name="test_market_data_stock_structure" time="0.128" /><testcase classname="tests.test_api.TestMarketData" name="test_market_data_symbols_correct" time="0.105" /><testcase classname="tests.test_api.TestTradeSignals" name="test_trade_signals_returns_200" time="0.113" /><testcase classname="tests.test_api.TestTradeSignals" name="test_trade_signals_structure" time="0.143" /><testcase classname="tests.test_api.TestTradeSignals" name="test_seeded_signals_exist" time="0.110" /><testcase classname="tests.test_api.TestTradeSignals" name="test_signal_has_required_fields" time="0.103" /><testcase classname="tests.test_api.TestResearchAnalyze" name="test_analyze_aapl_success" time="9.419" /><testcase classname="tests.test_api.TestResearchAnalyze" name="test_analyze_returns_report_and_signal" time="10.232" /><testcase classname="tests.test_api.TestResearchAnalyze" name="test_analyze_report_structure" time="12.067" /><testcase classname="tests.test_api.TestResearchAnalyze" name="test_analyze_signal_structure" time="9.525" /><testcase classname="tests.test_api.TestResearchAnalyze" name="test_analyze_invalid_symbol_returns_400" time="0.156" /><testcase classname="tests.test_api.TestResearchAnalyze" name="test_analyze_creates_persistent_data" time="10.921" /><testcase classname="tests.test_api.TestResearchReports" name="test_reports_returns_200" time="0.162" /><testcase classname="tests.test_api.TestResearchReports" name="test_reports_structure" time="0.165" /><testcase classname="tests.test_api.TestPortfolio" name="test_portfolio_returns_200" time="0.400" /><testcase classname="tests.test_api.TestPortfolio" name="test_portfolio_has_holdings" time="0.130" /><testcase classname="tests.test_api.TestPortfolio" name="test_portfolio_holdings_structure" time="0.130" /><testcase classname="tests.test_api.TestPortfolio" name="test_portfolio_has_totals" time="0.128" /><testcase classname="tests.test_api.TestPortfolio" name="test_portfolio_has_history" time="0.342" /><testcase classname="tests.test_api.TestRisk" name="test_risk_returns_200" time="0.107" /><testcase classname="tests.test_api.TestRisk" name="test_risk_metrics_present" time="0.118" /><testcase classname="tests.test_api.TestRisk" name="test_risk_sector_allocation" time="0.181" /><testcase classname="tests.test_api.TestRisk" name="test_risk_alerts_structure" time="0.123" /><testcase classname="tests.test_api.TestAgentsStatus" name="test_agents_returns_200" time="0.114" /><testcase classname="tests.test_api.TestAgentsStatus" name="test_agents_has_summary" time="0.104" /><testcase classname="tests.test_api.TestAgentsStatus" name="test_agents_list_structure" time="0.123" /></testsuite></testsuites>